2021-11-17 17:19:27.729  INFO 18428 --- [main] c.c.s.s.DemoprojectApplication           : Starting DemoprojectApplication on shuai-PC with PID 18428 (E:\gitHub\springBoot-Mybties-master\target\classes started by shuai in E:\gitHub\springBoot-Mybties-master)
2021-11-17 17:19:27.733  INFO 18428 --- [main] c.c.s.s.DemoprojectApplication           : No active profile set, falling back to default profiles: default
2021-11-17 17:19:28.321  INFO 18428 --- [main] .s.d.r.c.RepositoryConfigurationDelegate : Multiple Spring Data modules found, entering strict repository configuration mode!
2021-11-17 17:19:28.323  INFO 18428 --- [main] .s.d.r.c.RepositoryConfigurationDelegate : Bootstrapping Spring Data repositories in DEFAULT mode.
2021-11-17 17:19:28.344  INFO 18428 --- [main] .s.d.r.c.RepositoryConfigurationDelegate : Finished Spring Data repository scanning in 8ms. Found 0 repository interfaces.
2021-11-17 17:19:28.518  INFO 18428 --- [main] trationDelegate$BeanPostProcessorChecker : Bean 'net.bull.javamelody.JavaMelodyAutoConfiguration' of type [net.bull.javamelody.JavaMelodyAutoConfiguration$$EnhancerBySpringCGLIB$$1279df42] is not eligible for getting processed by all BeanPostProcessors (for example: not eligible for auto-proxying)
2021-11-17 17:19:28.574  INFO 18428 --- [main] trationDelegate$BeanPostProcessorChecker : Bean 'monitoringSpringAdvisor' of type [net.bull.javamelody.MonitoringSpringAdvisor] is not eligible for getting processed by all BeanPostProcessors (for example: not eligible for auto-proxying)
2021-11-17 17:19:28.576  INFO 18428 --- [main] trationDelegate$BeanPostProcessorChecker : Bean 'monitoringSpringServiceAdvisor' of type [net.bull.javamelody.MonitoringSpringAdvisor] is not eligible for getting processed by all BeanPostProcessors (for example: not eligible for auto-proxying)
2021-11-17 17:19:28.577  INFO 18428 --- [main] trationDelegate$BeanPostProcessorChecker : Bean 'monitoringSpringControllerAdvisor' of type [net.bull.javamelody.MonitoringSpringAdvisor] is not eligible for getting processed by all BeanPostProcessors (for example: not eligible for auto-proxying)
2021-11-17 17:19:28.577  INFO 18428 --- [main] trationDelegate$BeanPostProcessorChecker : Bean 'monitoringSpringRestControllerAdvisor' of type [net.bull.javamelody.MonitoringSpringAdvisor] is not eligible for getting processed by all BeanPostProcessors (for example: not eligible for auto-proxying)
2021-11-17 17:19:28.578  INFO 18428 --- [main] trationDelegate$BeanPostProcessorChecker : Bean 'monitoringSpringAsyncAdvisor' of type [net.bull.javamelody.MonitoringSpringAdvisor] is not eligible for getting processed by all BeanPostProcessors (for example: not eligible for auto-proxying)
2021-11-17 17:19:28.578  INFO 18428 --- [main] trationDelegate$BeanPostProcessorChecker : Bean 'monitoringSpringScheduledAdvisor' of type [net.bull.javamelody.MonitoringSpringAdvisor] is not eligible for getting processed by all BeanPostProcessors (for example: not eligible for auto-proxying)
2021-11-17 17:19:28.597  INFO 18428 --- [main] trationDelegate$BeanPostProcessorChecker : Bean 'dataSourceConfiguration' of type [cn.com.study.springbootmyties.config.dao.DataSourceConfiguration$$EnhancerBySpringCGLIB$$63f18af3] is not eligible for getting processed by all BeanPostProcessors (for example: not eligible for auto-proxying)
2021-11-17 17:19:32.628  INFO 16944 --- [main] c.c.s.s.DemoprojectApplication           : Starting DemoprojectApplication on shuai-PC with PID 16944 (E:\gitHub\springBoot-Mybties-master\target\classes started by shuai in E:\gitHub\springBoot-Mybties-master)
2021-11-17 17:19:32.632  INFO 16944 --- [main] c.c.s.s.DemoprojectApplication           : No active profile set, falling back to default profiles: default
2021-11-17 17:19:33.283  INFO 16944 --- [main] .s.d.r.c.RepositoryConfigurationDelegate : Multiple Spring Data modules found, entering strict repository configuration mode!
2021-11-17 17:19:33.285  INFO 16944 --- [main] .s.d.r.c.RepositoryConfigurationDelegate : Bootstrapping Spring Data repositories in DEFAULT mode.
2021-11-17 17:19:33.305  INFO 16944 --- [main] .s.d.r.c.RepositoryConfigurationDelegate : Finished Spring Data repository scanning in 9ms. Found 0 repository interfaces.
2021-11-17 17:19:33.488  INFO 16944 --- [main] trationDelegate$BeanPostProcessorChecker : Bean 'net.bull.javamelody.JavaMelodyAutoConfiguration' of type [net.bull.javamelody.JavaMelodyAutoConfiguration$$EnhancerBySpringCGLIB$$274468a] is not eligible for getting processed by all BeanPostProcessors (for example: not eligible for auto-proxying)
2021-11-17 17:19:33.559  INFO 16944 --- [main] trationDelegate$BeanPostProcessorChecker : Bean 'monitoringSpringAdvisor' of type [net.bull.javamelody.MonitoringSpringAdvisor] is not eligible for getting processed by all BeanPostProcessors (for example: not eligible for auto-proxying)
2021-11-17 17:19:33.562  INFO 16944 --- [main] trationDelegate$BeanPostProcessorChecker : Bean 'monitoringSpringServiceAdvisor' of type [net.bull.javamelody.MonitoringSpringAdvisor] is not eligible for getting processed by all BeanPostProcessors (for example: not eligible for auto-proxying)
2021-11-17 17:19:33.563  INFO 16944 --- [main] trationDelegate$BeanPostProcessorChecker : Bean 'monitoringSpringControllerAdvisor' of type [net.bull.javamelody.MonitoringSpringAdvisor] is not eligible for getting processed by all BeanPostProcessors (for example: not eligible for auto-proxying)
2021-11-17 17:19:33.563  INFO 16944 --- [main] trationDelegate$BeanPostProcessorChecker : Bean 'monitoringSpringRestControllerAdvisor' of type [net.bull.javamelody.MonitoringSpringAdvisor] is not eligible for getting processed by all BeanPostProcessors (for example: not eligible for auto-proxying)
2021-11-17 17:19:33.563  INFO 16944 --- [main] trationDelegate$BeanPostProcessorChecker : Bean 'monitoringSpringAsyncAdvisor' of type [net.bull.javamelody.MonitoringSpringAdvisor] is not eligible for getting processed by all BeanPostProcessors (for example: not eligible for auto-proxying)
2021-11-17 17:19:33.564  INFO 16944 --- [main] trationDelegate$BeanPostProcessorChecker : Bean 'monitoringSpringScheduledAdvisor' of type [net.bull.javamelody.MonitoringSpringAdvisor] is not eligible for getting processed by all BeanPostProcessors (for example: not eligible for auto-proxying)
2021-11-17 17:19:33.586  INFO 16944 --- [main] trationDelegate$BeanPostProcessorChecker : Bean 'dataSourceConfiguration' of type [cn.com.study.springbootmyties.config.dao.DataSourceConfiguration$$EnhancerBySpringCGLIB$$53ebf23b] is not eligible for getting processed by all BeanPostProcessors (for example: not eligible for auto-proxying)
2021-11-17 17:19:33.601  INFO 16944 --- [MLog-Init-Reporter] com.mchange.v2.log.MLog                  : MLog clients using slf4j logging.
2021-11-17 17:19:33.632  INFO 16944 --- [main] com.mchange.v2.c3p0.C3P0Registry         : Initializing c3p0-0.9.5.2 [built 08-December-2015 22:06:04 -0800; debug? true; trace: 10]
2021-11-17 17:19:33.669  INFO 16944 --- [main] trationDelegate$BeanPostProcessorChecker : Bean 'dataSouce' of type [com.mchange.v2.c3p0.ComboPooledDataSource] is not eligible for getting processed by all BeanPostProcessors (for example: not eligible for auto-proxying)
2021-11-17 17:19:33.693  INFO 16944 --- [main] trationDelegate$BeanPostProcessorChecker : Bean 'spring.datasource-org.springframework.boot.autoconfigure.jdbc.DataSourceProperties' of type [org.springframework.boot.autoconfigure.jdbc.DataSourceProperties] is not eligible for getting processed by all BeanPostProcessors (for example: not eligible for auto-proxying)
2021-11-17 17:19:33.698  INFO 16944 --- [main] trationDelegate$BeanPostProcessorChecker : Bean 'org.springframework.boot.autoconfigure.jdbc.DataSourceInitializerInvoker' of type [org.springframework.boot.autoconfigure.jdbc.DataSourceInitializerInvoker] is not eligible for getting processed by all BeanPostProcessors (for example: not eligible for auto-proxying)
2021-11-17 17:19:33.699  INFO 16944 --- [main] trationDelegate$BeanPostProcessorChecker : Bean 'transactionManagementConfiguration' of type [cn.com.study.springbootmyties.config.service.TransactionManagementConfiguration$$EnhancerBySpringCGLIB$$b4990c96] is not eligible for getting processed by all BeanPostProcessors (for example: not eligible for auto-proxying)
2021-11-17 17:19:33.701  INFO 16944 --- [main] trationDelegate$BeanPostProcessorChecker : Bean 'org.springframework.transaction.annotation.ProxyTransactionManagementConfiguration' of type [org.springframework.transaction.annotation.ProxyTransactionManagementConfiguration$$EnhancerBySpringCGLIB$$acda3de2] is not eligible for getting processed by all BeanPostProcessors (for example: not eligible for auto-proxying)
2021-11-17 17:19:34.001  INFO 16944 --- [main] o.s.b.w.embedded.tomcat.TomcatWebServer  : Tomcat initialized with port(s): 8080 (http)
2021-11-17 17:19:34.025  INFO 16944 --- [main] o.apache.catalina.core.StandardService   : Starting service [Tomcat]
2021-11-17 17:19:34.026  INFO 16944 --- [main] org.apache.catalina.core.StandardEngine  : Starting Servlet engine: [Apache Tomcat/9.0.19]
2021-11-17 17:19:34.131  INFO 16944 --- [main] o.a.c.c.C.[Tomcat].[localhost].[/]       : Initializing Spring embedded WebApplicationContext
2021-11-17 17:19:34.132  INFO 16944 --- [main] o.s.web.context.ContextLoader            : Root WebApplicationContext: initialization completed in 1446 ms
2021-11-17 17:19:35.694  INFO 16944 --- [main] o.s.s.concurrent.ThreadPoolTaskExecutor  : Initializing ExecutorService 'applicationTaskExecutor'
2021-11-17 17:19:36.007 ERROR 16944 --- [main] org.apache.catalina.util.LifecycleBase   : Failed to start component [Connector[HTTP/1.1-8080]]

org.apache.catalina.LifecycleException: Protocol handler start failed
	at org.apache.catalina.connector.Connector.startInternal(Connector.java:1008) ~[tomcat-embed-core-9.0.19.jar:9.0.19]
	at org.apache.catalina.util.LifecycleBase.start(LifecycleBase.java:183) ~[tomcat-embed-core-9.0.19.jar:9.0.19]
	at org.apache.catalina.core.StandardService.addConnector(StandardService.java:226) [tomcat-embed-core-9.0.19.jar:9.0.19]
	at org.springframework.boot.web.embedded.tomcat.TomcatWebServer.addPreviouslyRemovedConnectors(TomcatWebServer.java:259) [spring-boot-2.1.5.RELEASE.jar:2.1.5.RELEASE]
	at org.springframework.boot.web.embedded.tomcat.TomcatWebServer.start(TomcatWebServer.java:197) [spring-boot-2.1.5.RELEASE.jar:2.1.5.RELEASE]
	at org.springframework.boot.web.servlet.context.ServletWebServerApplicationContext.startWebServer(ServletWebServerApplicationContext.java:311) [spring-boot-2.1.5.RELEASE.jar:2.1.5.RELEASE]
	at org.springframework.boot.web.servlet.context.ServletWebServerApplicationContext.finishRefresh(ServletWebServerApplicationContext.java:164) [spring-boot-2.1.5.RELEASE.jar:2.1.5.RELEASE]
	at org.springframework.context.support.AbstractApplicationContext.refresh(AbstractApplicationContext.java:552) [spring-context-5.1.7.RELEASE.jar:5.1.7.RELEASE]
	at org.springframework.boot.web.servlet.context.ServletWebServerApplicationContext.refresh(ServletWebServerApplicationContext.java:142) [spring-boot-2.1.5.RELEASE.jar:2.1.5.RELEASE]
	at org.springframework.boot.SpringApplication.refresh(SpringApplication.java:775) [spring-boot-2.1.5.RELEASE.jar:2.1.5.RELEASE]
	at org.springframework.boot.SpringApplication.refreshContext(SpringApplication.java:397) [spring-boot-2.1.5.RELEASE.jar:2.1.5.RELEASE]
	at org.springframework.boot.SpringApplication.run(SpringApplication.java:316) [spring-boot-2.1.5.RELEASE.jar:2.1.5.RELEASE]
	at org.springframework.boot.SpringApplication.run(SpringApplication.java:1260) [spring-boot-2.1.5.RELEASE.jar:2.1.5.RELEASE]
	at org.springframework.boot.SpringApplication.run(SpringApplication.java:1248) [spring-boot-2.1.5.RELEASE.jar:2.1.5.RELEASE]
	at cn.com.study.springbootmyties.DemoprojectApplication.main(DemoprojectApplication.java:10) [classes/:na]
Caused by: java.net.BindException: Address already in use: bind
	at sun.nio.ch.Net.bind0(Native Method) ~[na:1.8.0_121]
	at sun.nio.ch.Net.bind(Net.java:433) ~[na:1.8.0_121]
	at sun.nio.ch.Net.bind(Net.java:425) ~[na:1.8.0_121]
	at sun.nio.ch.ServerSocketChannelImpl.bind(ServerSocketChannelImpl.java:223) ~[na:1.8.0_121]
	at sun.nio.ch.ServerSocketAdaptor.bind(ServerSocketAdaptor.java:74) ~[na:1.8.0_121]
	at org.apache.tomcat.util.net.NioEndpoint.initServerSocket(NioEndpoint.java:239) ~[tomcat-embed-core-9.0.19.jar:9.0.19]
	at org.apache.tomcat.util.net.NioEndpoint.bind(NioEndpoint.java:213) ~[tomcat-embed-core-9.0.19.jar:9.0.19]
	at org.apache.tomcat.util.net.AbstractEndpoint.bindWithCleanup(AbstractEndpoint.java:1116) ~[tomcat-embed-core-9.0.19.jar:9.0.19]
	at org.apache.tomcat.util.net.AbstractEndpoint.start(AbstractEndpoint.java:1202) ~[tomcat-embed-core-9.0.19.jar:9.0.19]
	at org.apache.coyote.AbstractProtocol.start(AbstractProtocol.java:568) ~[tomcat-embed-core-9.0.19.jar:9.0.19]
	at org.apache.catalina.connector.Connector.startInternal(Connector.java:1005) ~[tomcat-embed-core-9.0.19.jar:9.0.19]
	... 14 common frames omitted

2021-11-17 17:19:36.011  INFO 16944 --- [main] o.apache.catalina.core.StandardService   : Stopping service [Tomcat]
2021-11-17 17:19:36.053  INFO 16944 --- [main] c.m.v.c.i.AbstractPoolBackedDataSource   : Initializing c3p0 pool... com.mchange.v2.c3p0.ComboPooledDataSource [ acquireIncrement -> 3, acquireRetryAttempts -> 30, acquireRetryDelay -> 1000, autoCommitOnClose -> false, automaticTestTable -> null, breakAfterAcquireFailure -> false, checkoutTimeout -> 0, connectionCustomizerClassName -> null, connectionTesterClassName -> com.mchange.v2.c3p0.impl.DefaultConnectionTester, contextClassLoaderSource -> caller, dataSourceName -> 1hgenofalcjfkz933p70m|43f0c2d1, debugUnreturnedConnectionStackTraces -> false, description -> null, driverClass -> com.mysql.jdbc.Driver, extensions -> {}, factoryClassLocation -> null, forceIgnoreUnresolvedTransactions -> false, forceSynchronousCheckins -> false, forceUseNamedDriverClass -> false, identityToken -> 1hgenofalcjfkz933p70m|43f0c2d1, idleConnectionTestPeriod -> 0, initialPoolSize -> 3, jdbcUrl -> jdbc:mysql://47.93.44.234:3306/testdb?useUnicode=true&characterEncoding=utf-8&useSSL=false&serverTimezone=UTC, maxAdministrativeTaskTime -> 0, maxConnectionAge -> 0, maxIdleTime -> 0, maxIdleTimeExcessConnections -> 0, maxPoolSize -> 15, maxStatements -> 0, maxStatementsPerConnection -> 0, minPoolSize -> 3, numHelperThreads -> 3, preferredTestQuery -> null, privilegeSpawnedThreads -> false, properties -> {user=******, password=******}, propertyCycle -> 0, statementCacheNumDeferredCloseThreads -> 0, testConnectionOnCheckin -> false, testConnectionOnCheckout -> false, unreturnedConnectionTimeout -> 0, userOverrides -> {}, usesTraditionalReflectiveProxies -> false ]
2021-11-17 17:19:36.435  WARN 16944 --- [main] o.a.c.loader.WebappClassLoaderBase       : The web application [ROOT] appears to have started a thread named [C3P0PooledConnectionPoolManager[identityToken->1hgenofalcjfkz933p70m|43f0c2d1]-AdminTaskTimer] but has failed to stop it. This is very likely to create a memory leak. Stack trace of thread:
 java.lang.Object.wait(Native Method)
 java.util.TimerThread.mainLoop(Timer.java:552)
 java.util.TimerThread.run(Timer.java:505)
2021-11-17 17:19:36.435  WARN 16944 --- [main] o.a.c.loader.WebappClassLoaderBase       : The web application [ROOT] appears to have started a thread named [C3P0PooledConnectionPoolManager[identityToken->1hgenofalcjfkz933p70m|43f0c2d1]-HelperThread-#0] but has failed to stop it. This is very likely to create a memory leak. Stack trace of thread:
 java.lang.Object.wait(Native Method)
 com.mchange.v2.async.ThreadPoolAsynchronousRunner$PoolThread.run(ThreadPoolAsynchronousRunner.java:683)
2021-11-17 17:19:36.436  WARN 16944 --- [main] o.a.c.loader.WebappClassLoaderBase       : The web application [ROOT] appears to have started a thread named [C3P0PooledConnectionPoolManager[identityToken->1hgenofalcjfkz933p70m|43f0c2d1]-HelperThread-#1] but has failed to stop it. This is very likely to create a memory leak. Stack trace of thread:
 java.lang.Object.wait(Native Method)
 com.mchange.v2.async.ThreadPoolAsynchronousRunner$PoolThread.run(ThreadPoolAsynchronousRunner.java:683)
2021-11-17 17:19:36.436  WARN 16944 --- [main] o.a.c.loader.WebappClassLoaderBase       : The web application [ROOT] appears to have started a thread named [C3P0PooledConnectionPoolManager[identityToken->1hgenofalcjfkz933p70m|43f0c2d1]-HelperThread-#2] but has failed to stop it. This is very likely to create a memory leak. Stack trace of thread:
 java.lang.Object.wait(Native Method)
 com.mchange.v2.async.ThreadPoolAsynchronousRunner$PoolThread.run(ThreadPoolAsynchronousRunner.java:683)
2021-11-17 17:19:36.441  INFO 16944 --- [main] ConditionEvaluationReportLoggingListener : 

Error starting ApplicationContext. To display the conditions report re-run your application with 'debug' enabled.
2021-11-17 17:19:36.444 ERROR 16944 --- [main] o.s.b.d.LoggingFailureAnalysisReporter   : 

***************************
APPLICATION FAILED TO START
***************************

Description:

The Tomcat connector configured to listen on port 8080 failed to start. The port may already be in use or the connector may be misconfigured.

Action:

Verify the connector's configuration, identify and stop any process that's listening on port 8080, or configure this application to listen on another port.

2021-11-17 17:19:36.447  INFO 16944 --- [main] o.s.s.concurrent.ThreadPoolTaskExecutor  : Shutting down ExecutorService 'applicationTaskExecutor'
2021-11-17 17:19:50.147  INFO 9644 --- [main] c.c.s.s.DemoprojectApplication           : Starting DemoprojectApplication on shuai-PC with PID 9644 (E:\gitHub\springBoot-Mybties-master\target\classes started by shuai in E:\gitHub\springBoot-Mybties-master)
2021-11-17 17:19:50.149  INFO 9644 --- [main] c.c.s.s.DemoprojectApplication           : No active profile set, falling back to default profiles: default
2021-11-17 17:19:50.668  INFO 9644 --- [main] .s.d.r.c.RepositoryConfigurationDelegate : Multiple Spring Data modules found, entering strict repository configuration mode!
2021-11-17 17:19:50.669  INFO 9644 --- [main] .s.d.r.c.RepositoryConfigurationDelegate : Bootstrapping Spring Data repositories in DEFAULT mode.
2021-11-17 17:19:50.685  INFO 9644 --- [main] .s.d.r.c.RepositoryConfigurationDelegate : Finished Spring Data repository scanning in 7ms. Found 0 repository interfaces.
2021-11-17 17:19:50.832  INFO 9644 --- [main] trationDelegate$BeanPostProcessorChecker : Bean 'net.bull.javamelody.JavaMelodyAutoConfiguration' of type [net.bull.javamelody.JavaMelodyAutoConfiguration$$EnhancerBySpringCGLIB$$610e57ed] is not eligible for getting processed by all BeanPostProcessors (for example: not eligible for auto-proxying)
2021-11-17 17:19:50.898  INFO 9644 --- [main] trationDelegate$BeanPostProcessorChecker : Bean 'monitoringSpringAdvisor' of type [net.bull.javamelody.MonitoringSpringAdvisor] is not eligible for getting processed by all BeanPostProcessors (for example: not eligible for auto-proxying)
2021-11-17 17:19:50.900  INFO 9644 --- [main] trationDelegate$BeanPostProcessorChecker : Bean 'monitoringSpringServiceAdvisor' of type [net.bull.javamelody.MonitoringSpringAdvisor] is not eligible for getting processed by all BeanPostProcessors (for example: not eligible for auto-proxying)
2021-11-17 17:19:50.902  INFO 9644 --- [main] trationDelegate$BeanPostProcessorChecker : Bean 'monitoringSpringControllerAdvisor' of type [net.bull.javamelody.MonitoringSpringAdvisor] is not eligible for getting processed by all BeanPostProcessors (for example: not eligible for auto-proxying)
2021-11-17 17:19:50.903  INFO 9644 --- [main] trationDelegate$BeanPostProcessorChecker : Bean 'monitoringSpringRestControllerAdvisor' of type [net.bull.javamelody.MonitoringSpringAdvisor] is not eligible for getting processed by all BeanPostProcessors (for example: not eligible for auto-proxying)
2021-11-17 17:19:50.903  INFO 9644 --- [main] trationDelegate$BeanPostProcessorChecker : Bean 'monitoringSpringAsyncAdvisor' of type [net.bull.javamelody.MonitoringSpringAdvisor] is not eligible for getting processed by all BeanPostProcessors (for example: not eligible for auto-proxying)
2021-11-17 17:19:50.904  INFO 9644 --- [main] trationDelegate$BeanPostProcessorChecker : Bean 'monitoringSpringScheduledAdvisor' of type [net.bull.javamelody.MonitoringSpringAdvisor] is not eligible for getting processed by all BeanPostProcessors (for example: not eligible for auto-proxying)
2021-11-17 17:19:50.928  INFO 9644 --- [main] trationDelegate$BeanPostProcessorChecker : Bean 'dataSourceConfiguration' of type [cn.com.study.springbootmyties.config.dao.DataSourceConfiguration$$EnhancerBySpringCGLIB$$b286039e] is not eligible for getting processed by all BeanPostProcessors (for example: not eligible for auto-proxying)
2021-11-17 17:19:50.941  INFO 9644 --- [MLog-Init-Reporter] com.mchange.v2.log.MLog                  : MLog clients using slf4j logging.
2021-11-17 17:19:50.962  INFO 9644 --- [main] com.mchange.v2.c3p0.C3P0Registry         : Initializing c3p0-0.9.5.2 [built 08-December-2015 22:06:04 -0800; debug? true; trace: 10]
2021-11-17 17:19:50.994  INFO 9644 --- [main] trationDelegate$BeanPostProcessorChecker : Bean 'dataSouce' of type [com.mchange.v2.c3p0.ComboPooledDataSource] is not eligible for getting processed by all BeanPostProcessors (for example: not eligible for auto-proxying)
2021-11-17 17:19:51.012  INFO 9644 --- [main] trationDelegate$BeanPostProcessorChecker : Bean 'spring.datasource-org.springframework.boot.autoconfigure.jdbc.DataSourceProperties' of type [org.springframework.boot.autoconfigure.jdbc.DataSourceProperties] is not eligible for getting processed by all BeanPostProcessors (for example: not eligible for auto-proxying)
2021-11-17 17:19:51.016  INFO 9644 --- [main] trationDelegate$BeanPostProcessorChecker : Bean 'org.springframework.boot.autoconfigure.jdbc.DataSourceInitializerInvoker' of type [org.springframework.boot.autoconfigure.jdbc.DataSourceInitializerInvoker] is not eligible for getting processed by all BeanPostProcessors (for example: not eligible for auto-proxying)
2021-11-17 17:19:51.017  INFO 9644 --- [main] trationDelegate$BeanPostProcessorChecker : Bean 'transactionManagementConfiguration' of type [cn.com.study.springbootmyties.config.service.TransactionManagementConfiguration$$EnhancerBySpringCGLIB$$13331df9] is not eligible for getting processed by all BeanPostProcessors (for example: not eligible for auto-proxying)
2021-11-17 17:19:51.018  INFO 9644 --- [main] trationDelegate$BeanPostProcessorChecker : Bean 'org.springframework.transaction.annotation.ProxyTransactionManagementConfiguration' of type [org.springframework.transaction.annotation.ProxyTransactionManagementConfiguration$$EnhancerBySpringCGLIB$$b744f45] is not eligible for getting processed by all BeanPostProcessors (for example: not eligible for auto-proxying)
2021-11-17 17:19:51.242  INFO 9644 --- [main] o.s.b.w.embedded.tomcat.TomcatWebServer  : Tomcat initialized with port(s): 8080 (http)
2021-11-17 17:19:51.259  INFO 9644 --- [main] o.apache.catalina.core.StandardService   : Starting service [Tomcat]
2021-11-17 17:19:51.259  INFO 9644 --- [main] org.apache.catalina.core.StandardEngine  : Starting Servlet engine: [Apache Tomcat/9.0.19]
2021-11-17 17:19:51.336  INFO 9644 --- [main] o.a.c.c.C.[Tomcat].[localhost].[/]       : Initializing Spring embedded WebApplicationContext
2021-11-17 17:19:51.337  INFO 9644 --- [main] o.s.web.context.ContextLoader            : Root WebApplicationContext: initialization completed in 1159 ms
2021-11-17 17:19:52.401  INFO 9644 --- [main] o.s.s.concurrent.ThreadPoolTaskExecutor  : Initializing ExecutorService 'applicationTaskExecutor'
2021-11-17 17:19:52.629 ERROR 9644 --- [main] org.apache.catalina.util.LifecycleBase   : Failed to start component [Connector[HTTP/1.1-8080]]

org.apache.catalina.LifecycleException: Protocol handler start failed
	at org.apache.catalina.connector.Connector.startInternal(Connector.java:1008) ~[tomcat-embed-core-9.0.19.jar:9.0.19]
	at org.apache.catalina.util.LifecycleBase.start(LifecycleBase.java:183) ~[tomcat-embed-core-9.0.19.jar:9.0.19]
	at org.apache.catalina.core.StandardService.addConnector(StandardService.java:226) [tomcat-embed-core-9.0.19.jar:9.0.19]
	at org.springframework.boot.web.embedded.tomcat.TomcatWebServer.addPreviouslyRemovedConnectors(TomcatWebServer.java:259) [spring-boot-2.1.5.RELEASE.jar:2.1.5.RELEASE]
	at org.springframework.boot.web.embedded.tomcat.TomcatWebServer.start(TomcatWebServer.java:197) [spring-boot-2.1.5.RELEASE.jar:2.1.5.RELEASE]
	at org.springframework.boot.web.servlet.context.ServletWebServerApplicationContext.startWebServer(ServletWebServerApplicationContext.java:311) [spring-boot-2.1.5.RELEASE.jar:2.1.5.RELEASE]
	at org.springframework.boot.web.servlet.context.ServletWebServerApplicationContext.finishRefresh(ServletWebServerApplicationContext.java:164) [spring-boot-2.1.5.RELEASE.jar:2.1.5.RELEASE]
	at org.springframework.context.support.AbstractApplicationContext.refresh(AbstractApplicationContext.java:552) [spring-context-5.1.7.RELEASE.jar:5.1.7.RELEASE]
	at org.springframework.boot.web.servlet.context.ServletWebServerApplicationContext.refresh(ServletWebServerApplicationContext.java:142) [spring-boot-2.1.5.RELEASE.jar:2.1.5.RELEASE]
	at org.springframework.boot.SpringApplication.refresh(SpringApplication.java:775) [spring-boot-2.1.5.RELEASE.jar:2.1.5.RELEASE]
	at org.springframework.boot.SpringApplication.refreshContext(SpringApplication.java:397) [spring-boot-2.1.5.RELEASE.jar:2.1.5.RELEASE]
	at org.springframework.boot.SpringApplication.run(SpringApplication.java:316) [spring-boot-2.1.5.RELEASE.jar:2.1.5.RELEASE]
	at org.springframework.boot.SpringApplication.run(SpringApplication.java:1260) [spring-boot-2.1.5.RELEASE.jar:2.1.5.RELEASE]
	at org.springframework.boot.SpringApplication.run(SpringApplication.java:1248) [spring-boot-2.1.5.RELEASE.jar:2.1.5.RELEASE]
	at cn.com.study.springbootmyties.DemoprojectApplication.main(DemoprojectApplication.java:10) [classes/:na]
Caused by: java.net.BindException: Address already in use: bind
	at sun.nio.ch.Net.bind0(Native Method) ~[na:1.8.0_121]
	at sun.nio.ch.Net.bind(Net.java:433) ~[na:1.8.0_121]
	at sun.nio.ch.Net.bind(Net.java:425) ~[na:1.8.0_121]
	at sun.nio.ch.ServerSocketChannelImpl.bind(ServerSocketChannelImpl.java:223) ~[na:1.8.0_121]
	at sun.nio.ch.ServerSocketAdaptor.bind(ServerSocketAdaptor.java:74) ~[na:1.8.0_121]
	at org.apache.tomcat.util.net.NioEndpoint.initServerSocket(NioEndpoint.java:239) ~[tomcat-embed-core-9.0.19.jar:9.0.19]
	at org.apache.tomcat.util.net.NioEndpoint.bind(NioEndpoint.java:213) ~[tomcat-embed-core-9.0.19.jar:9.0.19]
	at org.apache.tomcat.util.net.AbstractEndpoint.bindWithCleanup(AbstractEndpoint.java:1116) ~[tomcat-embed-core-9.0.19.jar:9.0.19]
	at org.apache.tomcat.util.net.AbstractEndpoint.start(AbstractEndpoint.java:1202) ~[tomcat-embed-core-9.0.19.jar:9.0.19]
	at org.apache.coyote.AbstractProtocol.start(AbstractProtocol.java:568) ~[tomcat-embed-core-9.0.19.jar:9.0.19]
	at org.apache.catalina.connector.Connector.startInternal(Connector.java:1005) ~[tomcat-embed-core-9.0.19.jar:9.0.19]
	... 14 common frames omitted

2021-11-17 17:19:52.633  INFO 9644 --- [main] o.apache.catalina.core.StandardService   : Stopping service [Tomcat]
2021-11-17 17:19:52.662  INFO 9644 --- [main] c.m.v.c.i.AbstractPoolBackedDataSource   : Initializing c3p0 pool... com.mchange.v2.c3p0.ComboPooledDataSource [ acquireIncrement -> 3, acquireRetryAttempts -> 30, acquireRetryDelay -> 1000, autoCommitOnClose -> false, automaticTestTable -> null, breakAfterAcquireFailure -> false, checkoutTimeout -> 0, connectionCustomizerClassName -> null, connectionTesterClassName -> com.mchange.v2.c3p0.impl.DefaultConnectionTester, contextClassLoaderSource -> caller, dataSourceName -> 1hgenofalcjfycr9lftes|2c282004, debugUnreturnedConnectionStackTraces -> false, description -> null, driverClass -> com.mysql.jdbc.Driver, extensions -> {}, factoryClassLocation -> null, forceIgnoreUnresolvedTransactions -> false, forceSynchronousCheckins -> false, forceUseNamedDriverClass -> false, identityToken -> 1hgenofalcjfycr9lftes|2c282004, idleConnectionTestPeriod -> 0, initialPoolSize -> 3, jdbcUrl -> jdbc:mysql://47.93.44.234:3306/testdb?useUnicode=true&characterEncoding=utf-8&useSSL=false&serverTimezone=UTC, maxAdministrativeTaskTime -> 0, maxConnectionAge -> 0, maxIdleTime -> 0, maxIdleTimeExcessConnections -> 0, maxPoolSize -> 15, maxStatements -> 0, maxStatementsPerConnection -> 0, minPoolSize -> 3, numHelperThreads -> 3, preferredTestQuery -> null, privilegeSpawnedThreads -> false, properties -> {user=******, password=******}, propertyCycle -> 0, statementCacheNumDeferredCloseThreads -> 0, testConnectionOnCheckin -> false, testConnectionOnCheckout -> false, unreturnedConnectionTimeout -> 0, userOverrides -> {}, usesTraditionalReflectiveProxies -> false ]
2021-11-17 17:19:52.993  WARN 9644 --- [main] o.a.c.loader.WebappClassLoaderBase       : The web application [ROOT] appears to have started a thread named [C3P0PooledConnectionPoolManager[identityToken->1hgenofalcjfycr9lftes|2c282004]-AdminTaskTimer] but has failed to stop it. This is very likely to create a memory leak. Stack trace of thread:
 java.lang.Object.wait(Native Method)
 java.util.TimerThread.mainLoop(Timer.java:552)
 java.util.TimerThread.run(Timer.java:505)
2021-11-17 17:19:52.993  WARN 9644 --- [main] o.a.c.loader.WebappClassLoaderBase       : The web application [ROOT] appears to have started a thread named [C3P0PooledConnectionPoolManager[identityToken->1hgenofalcjfycr9lftes|2c282004]-HelperThread-#0] but has failed to stop it. This is very likely to create a memory leak. Stack trace of thread:
 java.lang.Object.wait(Native Method)
 com.mchange.v2.async.ThreadPoolAsynchronousRunner$PoolThread.run(ThreadPoolAsynchronousRunner.java:683)
2021-11-17 17:19:52.994  WARN 9644 --- [main] o.a.c.loader.WebappClassLoaderBase       : The web application [ROOT] appears to have started a thread named [C3P0PooledConnectionPoolManager[identityToken->1hgenofalcjfycr9lftes|2c282004]-HelperThread-#1] but has failed to stop it. This is very likely to create a memory leak. Stack trace of thread:
 java.lang.Object.wait(Native Method)
 com.mchange.v2.async.ThreadPoolAsynchronousRunner$PoolThread.run(ThreadPoolAsynchronousRunner.java:683)
2021-11-17 17:19:52.994  WARN 9644 --- [main] o.a.c.loader.WebappClassLoaderBase       : The web application [ROOT] appears to have started a thread named [C3P0PooledConnectionPoolManager[identityToken->1hgenofalcjfycr9lftes|2c282004]-HelperThread-#2] but has failed to stop it. This is very likely to create a memory leak. Stack trace of thread:
 java.lang.Object.wait(Native Method)
 com.mchange.v2.async.ThreadPoolAsynchronousRunner$PoolThread.run(ThreadPoolAsynchronousRunner.java:683)
2021-11-17 17:19:52.998  INFO 9644 --- [main] ConditionEvaluationReportLoggingListener : 

Error starting ApplicationContext. To display the conditions report re-run your application with 'debug' enabled.
2021-11-17 17:19:53.001 ERROR 9644 --- [main] o.s.b.d.LoggingFailureAnalysisReporter   : 

***************************
APPLICATION FAILED TO START
***************************

Description:

The Tomcat connector configured to listen on port 8080 failed to start. The port may already be in use or the connector may be misconfigured.

Action:

Verify the connector's configuration, identify and stop any process that's listening on port 8080, or configure this application to listen on another port.

2021-11-17 17:19:53.002  INFO 9644 --- [main] o.s.s.concurrent.ThreadPoolTaskExecutor  : Shutting down ExecutorService 'applicationTaskExecutor'
2021-11-17 17:20:11.978  INFO 14228 --- [main] c.c.s.s.DemoprojectApplication           : Starting DemoprojectApplication on shuai-PC with PID 14228 (E:\gitHub\springBoot-Mybties-master\target\classes started by shuai in E:\gitHub\springBoot-Mybties-master)
2021-11-17 17:20:11.980  INFO 14228 --- [main] c.c.s.s.DemoprojectApplication           : No active profile set, falling back to default profiles: default
2021-11-17 17:20:12.507  INFO 14228 --- [main] .s.d.r.c.RepositoryConfigurationDelegate : Multiple Spring Data modules found, entering strict repository configuration mode!
2021-11-17 17:20:12.508  INFO 14228 --- [main] .s.d.r.c.RepositoryConfigurationDelegate : Bootstrapping Spring Data repositories in DEFAULT mode.
2021-11-17 17:20:12.523  INFO 14228 --- [main] .s.d.r.c.RepositoryConfigurationDelegate : Finished Spring Data repository scanning in 7ms. Found 0 repository interfaces.
2021-11-17 17:20:12.665  INFO 14228 --- [main] trationDelegate$BeanPostProcessorChecker : Bean 'net.bull.javamelody.JavaMelodyAutoConfiguration' of type [net.bull.javamelody.JavaMelodyAutoConfiguration$$EnhancerBySpringCGLIB$$2fd1b411] is not eligible for getting processed by all BeanPostProcessors (for example: not eligible for auto-proxying)
2021-11-17 17:20:12.714  INFO 14228 --- [main] trationDelegate$BeanPostProcessorChecker : Bean 'monitoringSpringAdvisor' of type [net.bull.javamelody.MonitoringSpringAdvisor] is not eligible for getting processed by all BeanPostProcessors (for example: not eligible for auto-proxying)
2021-11-17 17:20:12.717  INFO 14228 --- [main] trationDelegate$BeanPostProcessorChecker : Bean 'monitoringSpringServiceAdvisor' of type [net.bull.javamelody.MonitoringSpringAdvisor] is not eligible for getting processed by all BeanPostProcessors (for example: not eligible for auto-proxying)
2021-11-17 17:20:12.718  INFO 14228 --- [main] trationDelegate$BeanPostProcessorChecker : Bean 'monitoringSpringControllerAdvisor' of type [net.bull.javamelody.MonitoringSpringAdvisor] is not eligible for getting processed by all BeanPostProcessors (for example: not eligible for auto-proxying)
2021-11-17 17:20:12.719  INFO 14228 --- [main] trationDelegate$BeanPostProcessorChecker : Bean 'monitoringSpringRestControllerAdvisor' of type [net.bull.javamelody.MonitoringSpringAdvisor] is not eligible for getting processed by all BeanPostProcessors (for example: not eligible for auto-proxying)
2021-11-17 17:20:12.719  INFO 14228 --- [main] trationDelegate$BeanPostProcessorChecker : Bean 'monitoringSpringAsyncAdvisor' of type [net.bull.javamelody.MonitoringSpringAdvisor] is not eligible for getting processed by all BeanPostProcessors (for example: not eligible for auto-proxying)
2021-11-17 17:20:12.720  INFO 14228 --- [main] trationDelegate$BeanPostProcessorChecker : Bean 'monitoringSpringScheduledAdvisor' of type [net.bull.javamelody.MonitoringSpringAdvisor] is not eligible for getting processed by all BeanPostProcessors (for example: not eligible for auto-proxying)
2021-11-17 17:20:12.737  INFO 14228 --- [main] trationDelegate$BeanPostProcessorChecker : Bean 'dataSourceConfiguration' of type [cn.com.study.springbootmyties.config.dao.DataSourceConfiguration$$EnhancerBySpringCGLIB$$81495fc2] is not eligible for getting processed by all BeanPostProcessors (for example: not eligible for auto-proxying)
2021-11-17 17:20:12.748  INFO 14228 --- [MLog-Init-Reporter] com.mchange.v2.log.MLog                  : MLog clients using slf4j logging.
2021-11-17 17:20:12.766  INFO 14228 --- [main] com.mchange.v2.c3p0.C3P0Registry         : Initializing c3p0-0.9.5.2 [built 08-December-2015 22:06:04 -0800; debug? true; trace: 10]
2021-11-17 17:20:12.793  INFO 14228 --- [main] trationDelegate$BeanPostProcessorChecker : Bean 'dataSouce' of type [com.mchange.v2.c3p0.ComboPooledDataSource] is not eligible for getting processed by all BeanPostProcessors (for example: not eligible for auto-proxying)
2021-11-17 17:20:12.817  INFO 14228 --- [main] trationDelegate$BeanPostProcessorChecker : Bean 'spring.datasource-org.springframework.boot.autoconfigure.jdbc.DataSourceProperties' of type [org.springframework.boot.autoconfigure.jdbc.DataSourceProperties] is not eligible for getting processed by all BeanPostProcessors (for example: not eligible for auto-proxying)
2021-11-17 17:20:12.821  INFO 14228 --- [main] trationDelegate$BeanPostProcessorChecker : Bean 'org.springframework.boot.autoconfigure.jdbc.DataSourceInitializerInvoker' of type [org.springframework.boot.autoconfigure.jdbc.DataSourceInitializerInvoker] is not eligible for getting processed by all BeanPostProcessors (for example: not eligible for auto-proxying)
2021-11-17 17:20:12.822  INFO 14228 --- [main] trationDelegate$BeanPostProcessorChecker : Bean 'transactionManagementConfiguration' of type [cn.com.study.springbootmyties.config.service.TransactionManagementConfiguration$$EnhancerBySpringCGLIB$$e1f67a1d] is not eligible for getting processed by all BeanPostProcessors (for example: not eligible for auto-proxying)
2021-11-17 17:20:12.823  INFO 14228 --- [main] trationDelegate$BeanPostProcessorChecker : Bean 'org.springframework.transaction.annotation.ProxyTransactionManagementConfiguration' of type [org.springframework.transaction.annotation.ProxyTransactionManagementConfiguration$$EnhancerBySpringCGLIB$$da37ab69] is not eligible for getting processed by all BeanPostProcessors (for example: not eligible for auto-proxying)
2021-11-17 17:20:12.998  INFO 14228 --- [main] o.s.b.w.embedded.tomcat.TomcatWebServer  : Tomcat initialized with port(s): 8080 (http)
2021-11-17 17:20:13.015  INFO 14228 --- [main] o.apache.catalina.core.StandardService   : Starting service [Tomcat]
2021-11-17 17:20:13.015  INFO 14228 --- [main] org.apache.catalina.core.StandardEngine  : Starting Servlet engine: [Apache Tomcat/9.0.19]
2021-11-17 17:20:13.095  INFO 14228 --- [main] o.a.c.c.C.[Tomcat].[localhost].[/]       : Initializing Spring embedded WebApplicationContext
2021-11-17 17:20:13.096  INFO 14228 --- [main] o.s.web.context.ContextLoader            : Root WebApplicationContext: initialization completed in 1090 ms
2021-11-17 17:20:14.153  INFO 14228 --- [main] o.s.s.concurrent.ThreadPoolTaskExecutor  : Initializing ExecutorService 'applicationTaskExecutor'
2021-11-17 17:20:14.386 ERROR 14228 --- [main] org.apache.catalina.util.LifecycleBase   : Failed to start component [Connector[HTTP/1.1-8080]]

org.apache.catalina.LifecycleException: Protocol handler start failed
	at org.apache.catalina.connector.Connector.startInternal(Connector.java:1008) ~[tomcat-embed-core-9.0.19.jar:9.0.19]
	at org.apache.catalina.util.LifecycleBase.start(LifecycleBase.java:183) ~[tomcat-embed-core-9.0.19.jar:9.0.19]
	at org.apache.catalina.core.StandardService.addConnector(StandardService.java:226) [tomcat-embed-core-9.0.19.jar:9.0.19]
	at org.springframework.boot.web.embedded.tomcat.TomcatWebServer.addPreviouslyRemovedConnectors(TomcatWebServer.java:259) [spring-boot-2.1.5.RELEASE.jar:2.1.5.RELEASE]
	at org.springframework.boot.web.embedded.tomcat.TomcatWebServer.start(TomcatWebServer.java:197) [spring-boot-2.1.5.RELEASE.jar:2.1.5.RELEASE]
	at org.springframework.boot.web.servlet.context.ServletWebServerApplicationContext.startWebServer(ServletWebServerApplicationContext.java:311) [spring-boot-2.1.5.RELEASE.jar:2.1.5.RELEASE]
	at org.springframework.boot.web.servlet.context.ServletWebServerApplicationContext.finishRefresh(ServletWebServerApplicationContext.java:164) [spring-boot-2.1.5.RELEASE.jar:2.1.5.RELEASE]
	at org.springframework.context.support.AbstractApplicationContext.refresh(AbstractApplicationContext.java:552) [spring-context-5.1.7.RELEASE.jar:5.1.7.RELEASE]
	at org.springframework.boot.web.servlet.context.ServletWebServerApplicationContext.refresh(ServletWebServerApplicationContext.java:142) [spring-boot-2.1.5.RELEASE.jar:2.1.5.RELEASE]
	at org.springframework.boot.SpringApplication.refresh(SpringApplication.java:775) [spring-boot-2.1.5.RELEASE.jar:2.1.5.RELEASE]
	at org.springframework.boot.SpringApplication.refreshContext(SpringApplication.java:397) [spring-boot-2.1.5.RELEASE.jar:2.1.5.RELEASE]
	at org.springframework.boot.SpringApplication.run(SpringApplication.java:316) [spring-boot-2.1.5.RELEASE.jar:2.1.5.RELEASE]
	at org.springframework.boot.SpringApplication.run(SpringApplication.java:1260) [spring-boot-2.1.5.RELEASE.jar:2.1.5.RELEASE]
	at org.springframework.boot.SpringApplication.run(SpringApplication.java:1248) [spring-boot-2.1.5.RELEASE.jar:2.1.5.RELEASE]
	at cn.com.study.springbootmyties.DemoprojectApplication.main(DemoprojectApplication.java:10) [classes/:na]
Caused by: java.net.BindException: Address already in use: bind
	at sun.nio.ch.Net.bind0(Native Method) ~[na:1.8.0_121]
	at sun.nio.ch.Net.bind(Net.java:433) ~[na:1.8.0_121]
	at sun.nio.ch.Net.bind(Net.java:425) ~[na:1.8.0_121]
	at sun.nio.ch.ServerSocketChannelImpl.bind(ServerSocketChannelImpl.java:223) ~[na:1.8.0_121]
	at sun.nio.ch.ServerSocketAdaptor.bind(ServerSocketAdaptor.java:74) ~[na:1.8.0_121]
	at org.apache.tomcat.util.net.NioEndpoint.initServerSocket(NioEndpoint.java:239) ~[tomcat-embed-core-9.0.19.jar:9.0.19]
	at org.apache.tomcat.util.net.NioEndpoint.bind(NioEndpoint.java:213) ~[tomcat-embed-core-9.0.19.jar:9.0.19]
	at org.apache.tomcat.util.net.AbstractEndpoint.bindWithCleanup(AbstractEndpoint.java:1116) ~[tomcat-embed-core-9.0.19.jar:9.0.19]
	at org.apache.tomcat.util.net.AbstractEndpoint.start(AbstractEndpoint.java:1202) ~[tomcat-embed-core-9.0.19.jar:9.0.19]
	at org.apache.coyote.AbstractProtocol.start(AbstractProtocol.java:568) ~[tomcat-embed-core-9.0.19.jar:9.0.19]
	at org.apache.catalina.connector.Connector.startInternal(Connector.java:1005) ~[tomcat-embed-core-9.0.19.jar:9.0.19]
	... 14 common frames omitted

2021-11-17 17:20:14.391  INFO 14228 --- [main] o.apache.catalina.core.StandardService   : Stopping service [Tomcat]
2021-11-17 17:20:14.418  INFO 14228 --- [main] c.m.v.c.i.AbstractPoolBackedDataSource   : Initializing c3p0 pool... com.mchange.v2.c3p0.ComboPooledDataSource [ acquireIncrement -> 3, acquireRetryAttempts -> 30, acquireRetryDelay -> 1000, autoCommitOnClose -> false, automaticTestTable -> null, breakAfterAcquireFailure -> false, checkoutTimeout -> 0, connectionCustomizerClassName -> null, connectionTesterClassName -> com.mchange.v2.c3p0.impl.DefaultConnectionTester, contextClassLoaderSource -> caller, dataSourceName -> 1hgenofalcjgf6gu0tuko|26f143ed, debugUnreturnedConnectionStackTraces -> false, description -> null, driverClass -> com.mysql.jdbc.Driver, extensions -> {}, factoryClassLocation -> null, forceIgnoreUnresolvedTransactions -> false, forceSynchronousCheckins -> false, forceUseNamedDriverClass -> false, identityToken -> 1hgenofalcjgf6gu0tuko|26f143ed, idleConnectionTestPeriod -> 0, initialPoolSize -> 3, jdbcUrl -> jdbc:mysql://47.93.44.234:3306/testdb?useUnicode=true&characterEncoding=utf-8&useSSL=false&serverTimezone=UTC, maxAdministrativeTaskTime -> 0, maxConnectionAge -> 0, maxIdleTime -> 0, maxIdleTimeExcessConnections -> 0, maxPoolSize -> 15, maxStatements -> 0, maxStatementsPerConnection -> 0, minPoolSize -> 3, numHelperThreads -> 3, preferredTestQuery -> null, privilegeSpawnedThreads -> false, properties -> {user=******, password=******}, propertyCycle -> 0, statementCacheNumDeferredCloseThreads -> 0, testConnectionOnCheckin -> false, testConnectionOnCheckout -> false, unreturnedConnectionTimeout -> 0, userOverrides -> {}, usesTraditionalReflectiveProxies -> false ]
2021-11-17 17:20:14.728  WARN 14228 --- [main] o.a.c.loader.WebappClassLoaderBase       : The web application [ROOT] appears to have started a thread named [C3P0PooledConnectionPoolManager[identityToken->1hgenofalcjgf6gu0tuko|26f143ed]-AdminTaskTimer] but has failed to stop it. This is very likely to create a memory leak. Stack trace of thread:
 java.lang.Object.wait(Native Method)
 java.util.TimerThread.mainLoop(Timer.java:552)
 java.util.TimerThread.run(Timer.java:505)
2021-11-17 17:20:14.729  WARN 14228 --- [main] o.a.c.loader.WebappClassLoaderBase       : The web application [ROOT] appears to have started a thread named [C3P0PooledConnectionPoolManager[identityToken->1hgenofalcjgf6gu0tuko|26f143ed]-HelperThread-#0] but has failed to stop it. This is very likely to create a memory leak. Stack trace of thread:
 java.lang.Object.wait(Native Method)
 com.mchange.v2.async.ThreadPoolAsynchronousRunner$PoolThread.run(ThreadPoolAsynchronousRunner.java:683)
2021-11-17 17:20:14.730  WARN 14228 --- [main] o.a.c.loader.WebappClassLoaderBase       : The web application [ROOT] appears to have started a thread named [C3P0PooledConnectionPoolManager[identityToken->1hgenofalcjgf6gu0tuko|26f143ed]-HelperThread-#1] but has failed to stop it. This is very likely to create a memory leak. Stack trace of thread:
 java.lang.Object.wait(Native Method)
 com.mchange.v2.async.ThreadPoolAsynchronousRunner$PoolThread.run(ThreadPoolAsynchronousRunner.java:683)
2021-11-17 17:20:14.730  WARN 14228 --- [main] o.a.c.loader.WebappClassLoaderBase       : The web application [ROOT] appears to have started a thread named [C3P0PooledConnectionPoolManager[identityToken->1hgenofalcjgf6gu0tuko|26f143ed]-HelperThread-#2] but has failed to stop it. This is very likely to create a memory leak. Stack trace of thread:
 java.lang.Object.wait(Native Method)
 com.mchange.v2.async.ThreadPoolAsynchronousRunner$PoolThread.run(ThreadPoolAsynchronousRunner.java:683)
2021-11-17 17:20:14.734  INFO 14228 --- [main] ConditionEvaluationReportLoggingListener : 

Error starting ApplicationContext. To display the conditions report re-run your application with 'debug' enabled.
2021-11-17 17:20:14.737 ERROR 14228 --- [main] o.s.b.d.LoggingFailureAnalysisReporter   : 

***************************
APPLICATION FAILED TO START
***************************

Description:

The Tomcat connector configured to listen on port 8080 failed to start. The port may already be in use or the connector may be misconfigured.

Action:

Verify the connector's configuration, identify and stop any process that's listening on port 8080, or configure this application to listen on another port.

2021-11-17 17:20:14.739  INFO 14228 --- [main] o.s.s.concurrent.ThreadPoolTaskExecutor  : Shutting down ExecutorService 'applicationTaskExecutor'
